<?xml version="1.0" encoding="utf-8"?><testsuites name="pytest tests"><testsuite name="pytest" errors="0" failures="0" skipped="0" tests="12" time="3.590" timestamp="2026-02-16T15:29:52.407318+00:00" hostname="agent-env-5888bda9-79bb-4374-9cb7-47a068a813ac"><testcase classname="backend.tests.test_api.TestHealthAndBasicEndpoints" name="test_api_root" time="0.347" /><testcase classname="backend.tests.test_api.TestChaptersEndpoint" name="test_get_chapters" time="0.169" /><testcase classname="backend.tests.test_api.TestQuestionsEndpoint" name="test_get_questions_chapter_1" time="0.177" /><testcase classname="backend.tests.test_api.TestQuestionsEndpoint" name="test_get_questions_all_chapters" time="0.872" /><testcase classname="backend.tests.test_api.TestQuestionsEndpoint" name="test_extended_questions_count" time="0.677" /><testcase classname="backend.tests.test_api.TestFlashcardsEndpoint" name="test_get_all_flashcards" time="0.174" /><testcase classname="backend.tests.test_api.TestFlashcardsEndpoint" name="test_get_flashcards_by_chapter" time="0.245" /><testcase classname="backend.tests.test_api.TestAIProvidersEndpoint" name="test_get_ai_providers" time="0.144" /><testcase classname="backend.tests.test_api.TestAIProvidersEndpoint" name="test_ai_providers_have_models" time="0.133" /><testcase classname="backend.tests.test_api.TestStudyPlanEndpoint" name="test_get_study_plan" time="0.119" /><testcase classname="backend.tests.test_api.TestAIExplainEndpoint" name="test_ai_explain_without_api_key" time="0.255" /><testcase classname="backend.tests.test_api.TestAIExplainEndpoint" name="test_ai_explain_with_invalid_provider" time="0.147" /></testsuite></testsuites>